Change Value of Parameter Published in Part * Old=12-Mar-2012 New=12-Mar-2018
Change Value of Parameter Published in Part * Old=12-Mar-2012 New=12-Mar-2018
Change Value of Parameter Published in Part * Old=12-Mar-2012 New=12-Mar-2018
Change Value of Parameter Published in Part KEY? Old=12-Mar-2012 New=12-Mar-2018
Change Value of Parameter Published in Part * Old=12-Mar-2012 New=12-Mar-2018
Change Value of Parameter Published in Part C? Old=12-Mar-2012 New=12-Mar-2018
Change Value of Parameter Published in Part U? Old=12-Mar-2012 New=12-Mar-2018
Change Value of Parameter Published in Part FB? Old=12-Mar-2012 New=12-Mar-2018
Change Value of Parameter Published in Part U? Old=12-Mar-2012 New=12-Mar-2018
Change Value of Parameter Published in Part H* Old=12-Mar-2012 New=12-Mar-2018
Change Value of Parameter Published in Part H* Old=12-Mar-2012 New=12-Mar-2018
Change Value of Parameter Published in Part H* Old=12-Mar-2012 New=12-Mar-2018
Change Value of Parameter Published in Part H* Old=12-Mar-2012 New=12-Mar-2018
Change Value of Parameter Published in Part H* Old=12-Mar-2012 New=12-Mar-2018
Change Value of Parameter Published in Part HDMI Old=12-Mar-2012 New=12-Mar-2018
Change Value of Parameter Published in Part U? Old=12-Mar-2012 New=12-Mar-2018
Change Value of Parameter Published in Part J? Old=12-Mar-2012 New=12-Mar-2018
Change Value of Parameter Published in Part L? Old=12-Mar-2012 New=12-Mar-2018
Change Value of Parameter Published in Part LED? Old=12-Mar-2012 New=12-Mar-2018
Change Value of Parameter Published in Part U? Old=12-Mar-2012 New=12-Mar-2018
Change Value of Parameter Published in Part U? Old=12-Mar-2012 New=12-Mar-2018
Change Value of Parameter Published in Part VR? Old=12-Mar-2012 New=12-Mar-2018
Change Value of Parameter Published in Part * Old=12-Mar-2012 New=12-Mar-2018
Change Value of Parameter Published in Part T* Old=12-Mar-2012 New=12-Mar-2018
Change Value of Parameter Published in Part R? Old=12-Mar-2012 New=12-Mar-2018
Change Value of Parameter Published in Part RA? Old=12-Mar-2012 New=12-Mar-2018
Change Value of Parameter Published in Part HEX? Old=12-Mar-2012 New=12-Mar-2018
Change Value of Parameter Published in Part SW? Old=12-Mar-2012 New=12-Mar-2018
Change Value of Parameter Published in Part TP? Old=12-Mar-2012 New=12-Mar-2018
Change Value of Parameter Published in Part DA? Old=12-Mar-2012 New=12-Mar-2018
Change Value of Parameter Published in Part U? Old=12-Mar-2012 New=12-Mar-2018
Added Parameter 01 Created By=Thomas Harper (16/03/2017) to Part *
Added Parameter 02 Reviewed By= to Part *
Added Parameter Class I= to Part *
Added Parameter Published=17-Mar-2018 to Part *
Added Parameter Publisher=MUEEC to Part *
Added Parameter Supplier 1=Digi-Key to Part *
Added Parameter Supplier Part Number 1=751-1070-1-ND to Part *
Added Parameter Type= to Part *
